/*C3*/SET SCHEMA PUBLIC
DISCONNECT
/*C4*/SET SCHEMA PUBLIC
DELETE FROM CLEANUP_HISTORY WHERE PROC_ID=2
INSERT INTO CLEANUP_HISTORY VALUES(2,1548828075586,1548828077436,NULL)
COMMIT
INSERT INTO NODE_EVENTS VALUES(27,'cleanupFinished',NULL,NULL,NULL,'MAIN_SERVER','2019-01-30 06:01:17.473000')
COMMIT
/*C5*/SET SCHEMA PUBLIC
INSERT INTO SERVER_STATISTICS VALUES(1,0,1548830058779)
COMMIT
INSERT INTO SERVER_STATISTICS VALUES(3,3,1548830058779)
COMMIT
INSERT INTO SERVER_STATISTICS VALUES(2,0,1548830058779)
COMMIT
/*C6*/SET SCHEMA PUBLIC
INSERT INTO SERVER_STATISTICS VALUES(1,0,1548833654653)
COMMIT
INSERT INTO SERVER_STATISTICS VALUES(3,3,1548833654653)
COMMIT
INSERT INTO SERVER_STATISTICS VALUES(2,0,1548833654653)
COMMIT
INSERT INTO SERVER_STATISTICS VALUES(1,0,1548837250514)
COMMIT
INSERT INTO SERVER_STATISTICS VALUES(3,3,1548837250514)
COMMIT
INSERT INTO SERVER_STATISTICS VALUES(2,0,1548837250514)
COMMIT
INSERT INTO SERVER_STATISTICS VALUES(1,0,1548840846384)
COMMIT
INSERT INTO SERVER_STATISTICS VALUES(3,3,1548840846384)
COMMIT
INSERT INTO SERVER_STATISTICS VALUES(2,0,1548840846384)
COMMIT
INSERT INTO SERVER_STATISTICS VALUES(1,0,1548853887641)
COMMIT
INSERT INTO SERVER_STATISTICS VALUES(3,3,1548853887641)
COMMIT
INSERT INTO SERVER_STATISTICS VALUES(2,0,1548853887641)
COMMIT
/*C5*/INSERT INTO SERVER_STATISTICS VALUES(1,0,1548857483512)
COMMIT
INSERT INTO SERVER_STATISTICS VALUES(3,3,1548857483512)
COMMIT
INSERT INTO SERVER_STATISTICS VALUES(2,0,1548857483512)
COMMIT
/*C6*/INSERT INTO SERVER_STATISTICS VALUES(1,0,1548861079368)
COMMIT
INSERT INTO SERVER_STATISTICS VALUES(3,3,1548861079368)
COMMIT
INSERT INTO SERVER_STATISTICS VALUES(2,0,1548861079368)
COMMIT
/*C5*/INSERT INTO SERVER_STATISTICS VALUES(1,0,1548895040767)
COMMIT
INSERT INTO SERVER_STATISTICS VALUES(3,3,1548895040767)
COMMIT
INSERT INTO SERVER_STATISTICS VALUES(2,0,1548895040767)
COMMIT
/*C4*/INSERT INTO SERVER_STATISTICS VALUES(1,0,1548898636634)
COMMIT
INSERT INTO SERVER_STATISTICS VALUES(3,3,1548898636634)
COMMIT
INSERT INTO SERVER_STATISTICS VALUES(2,0,1548898636634)
COMMIT
INSERT INTO SERVER_STATISTICS VALUES(1,0,1548902232512)
COMMIT
INSERT INTO SERVER_STATISTICS VALUES(3,3,1548902232512)
COMMIT
INSERT INTO SERVER_STATISTICS VALUES(2,0,1548902232512)
COMMIT
INSERT INTO SERVER_STATISTICS VALUES(1,0,1548905828399)
COMMIT
INSERT INTO SERVER_STATISTICS VALUES(3,3,1548905828399)
COMMIT
INSERT INTO SERVER_STATISTICS VALUES(2,0,1548905828399)
COMMIT
INSERT INTO SERVER_STATISTICS VALUES(1,0,1548909424264)
COMMIT
INSERT INTO SERVER_STATISTICS VALUES(3,3,1548909424264)
COMMIT
INSERT INTO SERVER_STATISTICS VALUES(2,0,1548909424264)
COMMIT
/*C5*/INSERT INTO SERVER_STATISTICS VALUES(1,0,1548913020140)
COMMIT
INSERT INTO SERVER_STATISTICS VALUES(3,3,1548913020140)
COMMIT
INSERT INTO SERVER_STATISTICS VALUES(2,0,1548913020140)
COMMIT
