[2019-01-28 02:31:45,405]   INFO -  jetbrains.buildServer.CLEANUP - Max cleanup duration is set to 0 seconds
[2019-01-28 02:31:45,454]   INFO -  jetbrains.buildServer.CLEANUP - Cleanup time has been set to 03:00:00 daily
[2019-01-28 02:31:45,457]   INFO -  jetbrains.buildServer.CLEANUP - Cleanup is enabled
[2019-01-28 03:00:32,789]   INFO -  jetbrains.buildServer.CLEANUP - Trying to get lock for the maintenance process...
[2019-01-28 03:00:32,795]   INFO -  jetbrains.buildServer.CLEANUP - Lock for the maintenance process obtained
[2019-01-28 03:00:32,810]   INFO -  jetbrains.buildServer.CLEANUP - Preparing for clean-up...
[2019-01-28 03:00:32,824]   INFO -  jetbrains.buildServer.CLEANUP - Clean-up started...
[2019-01-28 03:00:32,874]   INFO -  jetbrains.buildServer.CLEANUP - Will cleanup data for 0 build configurations removed before 2019-01-23 03:00:32.874
[2019-01-28 03:00:32,878]   INFO -  jetbrains.buildServer.CLEANUP - Collecting builds depending on other builds by specific build number ...
[2019-01-28 03:00:32,891]   INFO -  jetbrains.buildServer.CLEANUP - Collecting builds depending on other builds by sources or artifacts...
[2019-01-28 03:00:32,899]   INFO -  jetbrains.buildServer.CLEANUP - Done collecting depending builds for each cleanup level
[2019-01-28 03:00:32,900]   INFO -  jetbrains.buildServer.CLEANUP - Collecting builds for cleanup for each cleanup level...
[2019-01-28 03:00:32,918]   INFO -  jetbrains.buildServer.CLEANUP - Collected builds for 0 build configurations
[2019-01-28 03:00:32,932]   INFO -  jetbrains.buildServer.CLEANUP - Start compacting HSQL database...
[2019-01-28 03:00:34,284]   INFO -  jetbrains.buildServer.CLEANUP - Compacting HSQL database finished
[2019-01-28 03:00:34,393]   INFO -  jetbrains.buildServer.CLEANUP - Start processing 30 afterCleanup extensions
[2019-01-28 03:00:34,395]   INFO -  jetbrains.buildServer.CLEANUP - 	Executing afterCleanup extension (1 of 30): jetbrains.buildServer.serverSide.impl.cleanup.BackgroundBuildDataCleanerImpl
[2019-01-28 03:00:34,401]   INFO -  jetbrains.buildServer.CLEANUP - 	Executing afterCleanup extension (2 of 30): jetbrains.buildServer.serverSide.statistics.diskusage.DiskUsageSListener$PinnedBuildsCollector
[2019-01-28 03:00:34,402]   INFO -  jetbrains.buildServer.CLEANUP - 	Executing afterCleanup extension (3 of 30): jetbrains.buildServer.artifacts.s3.cleanup.S3CleanupExtension
[2019-01-28 03:00:34,404]   INFO -  jetbrains.buildServer.CLEANUP - 	Executing afterCleanup extension (4 of 30): jetbrains.buildServer.duplicator.DuplicatesDataCleaner
[2019-01-28 03:00:34,421]   INFO -  jetbrains.buildServer.CLEANUP - 	Executing afterCleanup extension (5 of 30): jetbrains.buildServer.controllers.login.RememberMe$1
[2019-01-28 03:00:34,422]   INFO -  jetbrains.buildServer.CLEANUP - 	Executing afterCleanup extension (6 of 30): jetbrains.buildServer.serverSide.identifiers.ProjectIdentifiersManagerImpl
[2019-01-28 03:00:34,424]   INFO -  jetbrains.buildServer.CLEANUP - 	Executing afterCleanup extension (7 of 30): jetbrains.buildServer.serverSide.impl.artifacts.ExternalBuildArtifactsCacheImpl
[2019-01-28 03:00:34,426]   INFO -  jetbrains.buildServer.CLEANUP - 	Executing afterCleanup extension (8 of 30): jetbrains.buildServer.swabra.serverHealth.SwabraCleanCheckoutWatcherImpl$2
[2019-01-28 03:00:34,427]   INFO -  jetbrains.buildServer.CLEANUP - 	Executing afterCleanup extension (9 of 30): org.jetbrains.teamcity.docker.cleanup.PushedImagesRegistryCleaner
[2019-01-28 03:00:34,428]   INFO -  jetbrains.buildServer.CLEANUP - 	Executing afterCleanup extension (10 of 30): jetbrains.buildServer.users.impl.UserModelImpl
[2019-01-28 03:00:34,429]   INFO -  jetbrains.buildServer.CLEANUP - 	Executing afterCleanup extension (11 of 30): jetbrains.buildServer.serverSide.impl.cleanup.InvalidHistoryRecordsCleaner
[2019-01-28 03:00:34,433]   INFO -  jetbrains.buildServer.CLEANUP - 	Executing afterCleanup extension (12 of 30): jetbrains.buildServer.serverSide.mute.LowLevelProblemMutingServiceImpl$TestMutesCleaner
[2019-01-28 03:00:34,434]   INFO -  jetbrains.buildServer.CLEANUP - 	Executing afterCleanup extension (13 of 30): jetbrains.buildServer.serverSide.impl.cleanup.BuildArtifactsCleaner
[2019-01-28 03:00:34,435]   INFO -  jetbrains.buildServer.CLEANUP - 	Executing afterCleanup extension (14 of 30): jetbrains.buildServer.diagnostic.ThreadDumpsCleaner
[2019-01-28 03:00:34,440]   INFO -  jetbrains.buildServer.CLEANUP - 	Executing afterCleanup extension (15 of 30): jetbrains.buildServer.serverSide.TestName2IndexImpl
[2019-01-28 03:00:34,455]   INFO -  jetbrains.buildServer.CLEANUP - 		Start cleaning unused test names ...
[2019-01-28 03:00:34,467]   INFO -  jetbrains.buildServer.CLEANUP - 	Executing afterCleanup extension (16 of 30): jetbrains.buildServer.serverSide.metadata.impl.metadata.MetadataStorageBean
[2019-01-28 03:00:34,535]   INFO -  jetbrains.buildServer.CLEANUP - 	Executing afterCleanup extension (17 of 30): jetbrains.buildServer.serverSide.impl.audit.AuditLogCleanerImpl
[2019-01-28 03:00:34,537]   INFO -  jetbrains.buildServer.CLEANUP - 		Removing audit log records older than 365 days ...
[2019-01-28 03:00:34,555]   INFO -  jetbrains.buildServer.CLEANUP - 		Removing audit log records for obsolete tests ...
[2019-01-28 03:00:34,574]   INFO -  jetbrains.buildServer.CLEANUP - 		Removing audit log records for obsolete builds ...
[2019-01-28 03:00:34,587]   INFO -  jetbrains.buildServer.CLEANUP - 		Finished removing audit log records.
[2019-01-28 03:00:34,588]   INFO -  jetbrains.buildServer.CLEANUP - 	Executing afterCleanup extension (18 of 30): jetbrains.buildServer.serverSide.impl.MultiNodeTasksDbImpl
[2019-01-28 03:00:34,592]   INFO -  jetbrains.buildServer.CLEANUP - 	Executing afterCleanup extension (19 of 30): jetbrains.buildServer.serverSide.impl.cleanup.ObsoleteFilesCleaner
[2019-01-28 03:00:34,596]   INFO -  jetbrains.buildServer.CLEANUP - 	Executing afterCleanup extension (20 of 30): jetbrains.buildServer.serverSide.CustomDataStorageManagerImpl
[2019-01-28 03:00:34,602]   INFO -  jetbrains.buildServer.CLEANUP - Searching for obsolete log files (not used by any build) under build logs directory: /data/teamcity_server/datadir/system/messages
[2019-01-28 03:00:34,606]   INFO -  jetbrains.buildServer.CLEANUP - Cannot find obsolete build log directories in old format
[2019-01-28 03:00:34,607]   INFO -  jetbrains.buildServer.CLEANUP - 	Executing afterCleanup extension (21 of 30): jetbrains.buildServer.buildTriggers.vcs.clearcase.structure.ClearCaseStructureCache$ClearcaseCacheGeneralDataCleaner
[2019-01-28 03:00:34,613]   INFO -  jetbrains.buildServer.CLEANUP - Searching for obsolete artifact directories (not used by any build) under directories: [/data/teamcity_server/datadir/system/artifacts]
[2019-01-28 03:00:34,617]   INFO -  jetbrains.buildServer.CLEANUP - 	Executing afterCleanup extension (22 of 30): jetbrains.buildServer.serverSide.impl.versionedSettings.GeneratedSettingsCache
[2019-01-28 03:00:34,619]   INFO -  jetbrains.buildServer.CLEANUP - Removed no obsolete artifact directories (0 processed)
[2019-01-28 03:00:34,632]   INFO -  jetbrains.buildServer.CLEANUP - 	Executing afterCleanup extension (23 of 30): jetbrains.buildServer.serverSide.impl.projectSources.PatchCacheImpl
[2019-01-28 03:00:34,651]   INFO -  jetbrains.buildServer.CLEANUP - 	Executing afterCleanup extension (24 of 30): jetbrains.buildServer.serverSide.impl.OldAgentsCleaner
[2019-01-28 03:00:34,656]   INFO -  jetbrains.buildServer.CLEANUP - 	Executing afterCleanup extension (25 of 30): jetbrains.buildServer.serverSide.stat.TestFailureRateCollector
[2019-01-28 03:00:34,662]   INFO -  jetbrains.buildServer.CLEANUP - 	Executing afterCleanup extension (26 of 30): jetbrains.buildServer.runner.codeInspection.InspectionDataCleaner
[2019-01-28 03:00:34,688]   INFO -  jetbrains.buildServer.CLEANUP - 	Executing afterCleanup extension (27 of 30): jetbrains.buildServer.serverSide.statistics.impl.BuildDataStorageImpl
[2019-01-28 03:00:34,689]   INFO -  jetbrains.buildServer.CLEANUP - 	Executing afterCleanup extension (28 of 30): jetbrains.buildServer.diagnostic.ThreadStatCleaner
[2019-01-28 03:00:34,691]   INFO -  jetbrains.buildServer.CLEANUP - 	Executing afterCleanup extension (29 of 30): jetbrains.buildServer.responsibility.impl.ResponsibilityCleanupExtension
[2019-01-28 03:00:34,693]   INFO -  jetbrains.buildServer.CLEANUP - 		Starting cleanup of responsibility entries...
[2019-01-28 03:00:34,695]   INFO -  jetbrains.buildServer.CLEANUP - 		Will delete 0 responsibility entries
[2019-01-28 03:00:34,696]   INFO -  jetbrains.buildServer.CLEANUP - 		Finished cleanup of 0 responsibility entries
[2019-01-28 03:00:34,697]   INFO -  jetbrains.buildServer.CLEANUP - 	Executing afterCleanup extension (30 of 30): jetbrains.buildServer.serverSide.impl.personal.PersonalBuildCleaner
[2019-01-28 03:00:34,718]   INFO -  jetbrains.buildServer.CLEANUP - Finished processing afterCleanup extensions, took 325ms
[2019-01-28 03:00:34,731]   INFO -  jetbrains.buildServer.CLEANUP - Clean-up finished, took 1s
[2019-01-28 03:00:34,759]   INFO -  jetbrains.buildServer.CLEANUP - Post-cleanup tasks finished, took 26ms
[2019-01-28 03:00:34,760]   INFO -  jetbrains.buildServer.CLEANUP - Lock for the maintenance process released
[2019-01-30 05:00:45,565]   INFO -  jetbrains.buildServer.CLEANUP - Git cleanup started
[2019-01-30 05:00:45,586]   INFO -  jetbrains.buildServer.CLEANUP - Git cleanup finished
[2019-01-30 06:01:15,582]   INFO -  jetbrains.buildServer.CLEANUP - Trying to get lock for the maintenance process...
[2019-01-30 06:01:15,585]   INFO -  jetbrains.buildServer.CLEANUP - Lock for the maintenance process obtained
[2019-01-30 06:01:15,597]   INFO -  jetbrains.buildServer.CLEANUP - Preparing for clean-up...
[2019-01-30 06:01:15,607]   INFO -  jetbrains.buildServer.CLEANUP - Clean-up started...
[2019-01-30 06:01:15,625]   INFO -  jetbrains.buildServer.CLEANUP - Will cleanup data for 0 build configurations removed before 2019-01-25 06:01:15.624
[2019-01-30 06:01:15,626]   INFO -  jetbrains.buildServer.CLEANUP - Collecting builds depending on other builds by specific build number ...
[2019-01-30 06:01:15,628]   INFO -  jetbrains.buildServer.CLEANUP - Collecting builds depending on other builds by sources or artifacts...
[2019-01-30 06:01:15,630]   INFO -  jetbrains.buildServer.CLEANUP - Done collecting depending builds for each cleanup level
[2019-01-30 06:01:15,631]   INFO -  jetbrains.buildServer.CLEANUP - Collecting builds for cleanup for each cleanup level...
[2019-01-30 06:01:15,632]   INFO -  jetbrains.buildServer.CLEANUP - Collected builds for 0 build configurations
[2019-01-30 06:01:15,637]   INFO -  jetbrains.buildServer.CLEANUP - Start compacting HSQL database...
[2019-01-30 06:01:17,105]   INFO -  jetbrains.buildServer.CLEANUP - Compacting HSQL database finished
[2019-01-30 06:01:17,208]   INFO -  jetbrains.buildServer.CLEANUP - Start processing 30 afterCleanup extensions
[2019-01-30 06:01:17,209]   INFO -  jetbrains.buildServer.CLEANUP - 	Executing afterCleanup extension (1 of 30): jetbrains.buildServer.serverSide.impl.cleanup.BackgroundBuildDataCleanerImpl
[2019-01-30 06:01:17,210]   INFO -  jetbrains.buildServer.CLEANUP - 	Executing afterCleanup extension (2 of 30): jetbrains.buildServer.serverSide.statistics.diskusage.DiskUsageSListener$PinnedBuildsCollector
[2019-01-30 06:01:17,211]   INFO -  jetbrains.buildServer.CLEANUP - 	Executing afterCleanup extension (3 of 30): jetbrains.buildServer.artifacts.s3.cleanup.S3CleanupExtension
[2019-01-30 06:01:17,212]   INFO -  jetbrains.buildServer.CLEANUP - 	Executing afterCleanup extension (4 of 30): jetbrains.buildServer.duplicator.DuplicatesDataCleaner
[2019-01-30 06:01:17,215]   INFO -  jetbrains.buildServer.CLEANUP - 	Executing afterCleanup extension (5 of 30): jetbrains.buildServer.controllers.login.RememberMe$1
[2019-01-30 06:01:17,216]   INFO -  jetbrains.buildServer.CLEANUP - 	Executing afterCleanup extension (6 of 30): jetbrains.buildServer.serverSide.identifiers.ProjectIdentifiersManagerImpl
[2019-01-30 06:01:17,217]   INFO -  jetbrains.buildServer.CLEANUP - 	Executing afterCleanup extension (7 of 30): jetbrains.buildServer.serverSide.impl.artifacts.ExternalBuildArtifactsCacheImpl
[2019-01-30 06:01:17,226]   INFO -  jetbrains.buildServer.CLEANUP - 	Executing afterCleanup extension (8 of 30): jetbrains.buildServer.swabra.serverHealth.SwabraCleanCheckoutWatcherImpl$2
[2019-01-30 06:01:17,227]   INFO -  jetbrains.buildServer.CLEANUP - 	Executing afterCleanup extension (9 of 30): org.jetbrains.teamcity.docker.cleanup.PushedImagesRegistryCleaner
[2019-01-30 06:01:17,228]   INFO -  jetbrains.buildServer.CLEANUP - 	Executing afterCleanup extension (10 of 30): jetbrains.buildServer.users.impl.UserModelImpl
[2019-01-30 06:01:17,229]   INFO -  jetbrains.buildServer.CLEANUP - 	Executing afterCleanup extension (11 of 30): jetbrains.buildServer.serverSide.impl.cleanup.InvalidHistoryRecordsCleaner
[2019-01-30 06:01:17,230]   INFO -  jetbrains.buildServer.CLEANUP - 	Executing afterCleanup extension (12 of 30): jetbrains.buildServer.serverSide.mute.LowLevelProblemMutingServiceImpl$TestMutesCleaner
[2019-01-30 06:01:17,232]   INFO -  jetbrains.buildServer.CLEANUP - 	Executing afterCleanup extension (13 of 30): jetbrains.buildServer.serverSide.impl.cleanup.BuildArtifactsCleaner
[2019-01-30 06:01:17,233]   INFO -  jetbrains.buildServer.CLEANUP - 	Executing afterCleanup extension (14 of 30): jetbrains.buildServer.diagnostic.ThreadDumpsCleaner
[2019-01-30 06:01:17,234]   INFO -  jetbrains.buildServer.CLEANUP - 	Executing afterCleanup extension (15 of 30): jetbrains.buildServer.serverSide.TestName2IndexImpl
[2019-01-30 06:01:17,236]   INFO -  jetbrains.buildServer.CLEANUP - 		Start cleaning unused test names ...
[2019-01-30 06:01:17,237]   INFO -  jetbrains.buildServer.CLEANUP - 	Executing afterCleanup extension (16 of 30): jetbrains.buildServer.serverSide.metadata.impl.metadata.MetadataStorageBean
[2019-01-30 06:01:17,352]   INFO -  jetbrains.buildServer.CLEANUP - 	Executing afterCleanup extension (17 of 30): jetbrains.buildServer.serverSide.impl.audit.AuditLogCleanerImpl
[2019-01-30 06:01:17,354]   INFO -  jetbrains.buildServer.CLEANUP - 		Removing audit log records older than 365 days ...
[2019-01-30 06:01:17,359]   INFO -  jetbrains.buildServer.CLEANUP - 		Removing audit log records for obsolete tests ...
[2019-01-30 06:01:17,363]   INFO -  jetbrains.buildServer.CLEANUP - 		Removing audit log records for obsolete builds ...
[2019-01-30 06:01:17,370]   INFO -  jetbrains.buildServer.CLEANUP - 		Finished removing audit log records.
[2019-01-30 06:01:17,371]   INFO -  jetbrains.buildServer.CLEANUP - 	Executing afterCleanup extension (18 of 30): jetbrains.buildServer.serverSide.impl.MultiNodeTasksDbImpl
[2019-01-30 06:01:17,373]   INFO -  jetbrains.buildServer.CLEANUP - 	Executing afterCleanup extension (19 of 30): jetbrains.buildServer.serverSide.impl.cleanup.ObsoleteFilesCleaner
[2019-01-30 06:01:17,377]   INFO -  jetbrains.buildServer.CLEANUP - 	Executing afterCleanup extension (20 of 30): jetbrains.buildServer.serverSide.CustomDataStorageManagerImpl
[2019-01-30 06:01:17,380]   INFO -  jetbrains.buildServer.CLEANUP - Searching for obsolete log files (not used by any build) under build logs directory: /data/teamcity_server/datadir/system/messages
[2019-01-30 06:01:17,383]   INFO -  jetbrains.buildServer.CLEANUP - Cannot find obsolete build log directories in old format
[2019-01-30 06:01:17,383]   INFO -  jetbrains.buildServer.CLEANUP - 	Executing afterCleanup extension (21 of 30): jetbrains.buildServer.buildTriggers.vcs.clearcase.structure.ClearCaseStructureCache$ClearcaseCacheGeneralDataCleaner
[2019-01-30 06:01:17,385]   INFO -  jetbrains.buildServer.CLEANUP - Searching for obsolete artifact directories (not used by any build) under directories: [/data/teamcity_server/datadir/system/artifacts]
[2019-01-30 06:01:17,388]   INFO -  jetbrains.buildServer.CLEANUP - Removed no obsolete artifact directories (0 processed)
[2019-01-30 06:01:17,390]   INFO -  jetbrains.buildServer.CLEANUP - 	Executing afterCleanup extension (22 of 30): jetbrains.buildServer.serverSide.impl.versionedSettings.GeneratedSettingsCache
[2019-01-30 06:01:17,394]   INFO -  jetbrains.buildServer.CLEANUP - 	Executing afterCleanup extension (23 of 30): jetbrains.buildServer.serverSide.impl.projectSources.PatchCacheImpl
[2019-01-30 06:01:17,405]   INFO -  jetbrains.buildServer.CLEANUP - 	Executing afterCleanup extension (24 of 30): jetbrains.buildServer.serverSide.impl.OldAgentsCleaner
[2019-01-30 06:01:17,406]   INFO -  jetbrains.buildServer.CLEANUP - 	Executing afterCleanup extension (25 of 30): jetbrains.buildServer.serverSide.stat.TestFailureRateCollector
[2019-01-30 06:01:17,407]   INFO -  jetbrains.buildServer.CLEANUP - 	Executing afterCleanup extension (26 of 30): jetbrains.buildServer.runner.codeInspection.InspectionDataCleaner
[2019-01-30 06:01:17,412]   INFO -  jetbrains.buildServer.CLEANUP - 	Executing afterCleanup extension (27 of 30): jetbrains.buildServer.serverSide.statistics.impl.BuildDataStorageImpl
[2019-01-30 06:01:17,413]   INFO -  jetbrains.buildServer.CLEANUP - 	Executing afterCleanup extension (28 of 30): jetbrains.buildServer.diagnostic.ThreadStatCleaner
[2019-01-30 06:01:17,415]   INFO -  jetbrains.buildServer.CLEANUP - 	Executing afterCleanup extension (29 of 30): jetbrains.buildServer.responsibility.impl.ResponsibilityCleanupExtension
[2019-01-30 06:01:17,416]   INFO -  jetbrains.buildServer.CLEANUP - 		Starting cleanup of responsibility entries...
[2019-01-30 06:01:17,417]   INFO -  jetbrains.buildServer.CLEANUP - 		Will delete 0 responsibility entries
[2019-01-30 06:01:17,418]   INFO -  jetbrains.buildServer.CLEANUP - 		Finished cleanup of 0 responsibility entries
[2019-01-30 06:01:17,427]   INFO -  jetbrains.buildServer.CLEANUP - 	Executing afterCleanup extension (30 of 30): jetbrains.buildServer.serverSide.impl.personal.PersonalBuildCleaner
[2019-01-30 06:01:17,435]   INFO -  jetbrains.buildServer.CLEANUP - Finished processing afterCleanup extensions, took 226ms
[2019-01-30 06:01:17,438]   INFO -  jetbrains.buildServer.CLEANUP - Clean-up finished, took 1s
[2019-01-30 06:01:17,464]   INFO -  jetbrains.buildServer.CLEANUP - Post-cleanup tasks finished, took 24ms
[2019-01-30 06:01:17,469]   INFO -  jetbrains.buildServer.CLEANUP - Lock for the maintenance process released
