[2019-01-28 02:30:42,811]   INFO [id: MAIN_SERVER] - etbrains.buildServer.WEBSOCKET - WebSocket feature is supported for Apache Tomcat/8.5.37
[2019-01-28 03:16:37,083]   INFO [nio-8111-exec-8] - etbrains.buildServer.WEBSOCKET - Failed to read/write WebSocket message for session session '0' ('admin' (John) {id=1}): java.io.EOFException (enable debug to see stacktrace)
[2019-01-28 03:16:53,166]   INFO [nio-8111-exec-5] - etbrains.buildServer.WEBSOCKET - Failed to read/write WebSocket message for session session '1' ('admin' (John) {id=1}): java.io.EOFException (enable debug to see stacktrace)
[2019-01-28 03:16:59,931]   INFO [nio-8111-exec-4] - etbrains.buildServer.WEBSOCKET - Failed to read/write WebSocket message for session session '2' ('admin' (John) {id=1}): java.io.EOFException (enable debug to see stacktrace)
[2019-01-28 03:17:01,887]   INFO [nio-8111-exec-2] - etbrains.buildServer.WEBSOCKET - Failed to read/write WebSocket message for session session '3' ('admin' (John) {id=1}): java.io.EOFException (enable debug to see stacktrace)
[2019-01-28 03:17:02,790]   INFO [nio-8111-exec-8] - etbrains.buildServer.WEBSOCKET - Failed to read/write WebSocket message for session session '4' ('admin' (John) {id=1}): java.io.EOFException (enable debug to see stacktrace)
[2019-01-28 03:33:51,696]   INFO [nio-8111-exec-4] - etbrains.buildServer.WEBSOCKET - Failed to read/write WebSocket message for session session '5' ('admin' (John) {id=1}): java.io.EOFException (enable debug to see stacktrace)
[2019-01-28 03:33:54,539]   INFO [nio-8111-exec-2] - etbrains.buildServer.WEBSOCKET - Failed to read/write WebSocket message for session session '6' ('admin' (John) {id=1}): java.io.EOFException (enable debug to see stacktrace)
[2019-01-28 03:34:11,470]   INFO [nio-8111-exec-7] - etbrains.buildServer.WEBSOCKET - Failed to read/write WebSocket message for session session '7' ('admin' (John) {id=1}): java.io.EOFException (enable debug to see stacktrace)
[2019-01-28 03:34:16,960]   INFO [nio-8111-exec-4] - etbrains.buildServer.WEBSOCKET - Failed to read/write WebSocket message for session session '8' ('admin' (John) {id=1}): java.io.EOFException (enable debug to see stacktrace)
[2019-01-28 03:34:19,021]   INFO [io-8111-exec-10] - etbrains.buildServer.WEBSOCKET - Failed to read/write WebSocket message for session session '9' ('admin' (John) {id=1}): java.io.EOFException (enable debug to see stacktrace)
[2019-01-28 03:48:42,834]   INFO [nio-8111-exec-8] - etbrains.buildServer.WEBSOCKET - Failed to read/write WebSocket message for session session 'a' ('admin' (John) {id=1}): java.io.EOFException (enable debug to see stacktrace)
[2019-01-28 03:48:50,759]   INFO [io-8111-exec-10] - etbrains.buildServer.WEBSOCKET - Failed to read/write WebSocket message for session session 'b' ('admin' (John) {id=1}): java.io.EOFException (enable debug to see stacktrace)
[2019-01-28 03:48:54,216]   INFO [nio-8111-exec-6] - etbrains.buildServer.WEBSOCKET - Failed to read/write WebSocket message for session session 'c' ('admin' (John) {id=1}): java.io.EOFException (enable debug to see stacktrace)
[2019-01-28 03:49:02,944]   INFO [nio-8111-exec-9] - etbrains.buildServer.WEBSOCKET - Failed to read/write WebSocket message for session session 'd' ('admin' (John) {id=1}): java.io.EOFException (enable debug to see stacktrace)
[2019-01-28 03:49:05,119]   INFO [nio-8111-exec-7] - etbrains.buildServer.WEBSOCKET - Failed to read/write WebSocket message for session session 'e' ('admin' (John) {id=1}): java.io.EOFException (enable debug to see stacktrace)
[2019-01-28 03:49:18,054]   INFO [nio-8111-exec-2] - etbrains.buildServer.WEBSOCKET - Failed to read/write WebSocket message for session session 'f' ('admin' (John) {id=1}): java.io.EOFException (enable debug to see stacktrace)
[2019-01-28 03:49:24,424]   INFO [nio-8111-exec-1] - etbrains.buildServer.WEBSOCKET - Failed to read/write WebSocket message for session session '10' ('admin' (John) {id=1}): java.io.EOFException (enable debug to see stacktrace)
[2019-01-28 03:49:26,826]   INFO [nio-8111-exec-8] - etbrains.buildServer.WEBSOCKET - Failed to read/write WebSocket message for session session '11' ('admin' (John) {id=1}): java.io.EOFException (enable debug to see stacktrace)
[2019-01-28 03:49:27,321]   INFO [nio-8111-exec-2] - etbrains.buildServer.WEBSOCKET - Failed to read/write WebSocket message for session session '12' ('admin' (John) {id=1}): java.io.EOFException (enable debug to see stacktrace)
[2019-01-28 03:49:32,706]   INFO [io-8111-exec-10] - etbrains.buildServer.WEBSOCKET - Failed to read/write WebSocket message for session session '13' ('admin' (John) {id=1}): java.io.EOFException (enable debug to see stacktrace)
[2019-01-28 03:49:35,335]   INFO [nio-8111-exec-7] - etbrains.buildServer.WEBSOCKET - Failed to read/write WebSocket message for session session '14' ('admin' (John) {id=1}): java.io.EOFException (enable debug to see stacktrace)
[2019-01-28 03:49:40,428]   INFO [io-8111-exec-10] - etbrains.buildServer.WEBSOCKET - Failed to read/write WebSocket message for session session '15' ('admin' (John) {id=1}): java.io.EOFException (enable debug to see stacktrace)
[2019-01-28 03:49:42,327]   INFO [nio-8111-exec-3] - etbrains.buildServer.WEBSOCKET - Failed to read/write WebSocket message for session session '16' ('admin' (John) {id=1}): java.io.EOFException (enable debug to see stacktrace)
[2019-01-28 03:49:46,205]   INFO [nio-8111-exec-5] - etbrains.buildServer.WEBSOCKET - Failed to read/write WebSocket message for session session '17' ('admin' (John) {id=1}): java.io.EOFException (enable debug to see stacktrace)
[2019-01-28 03:49:49,980]   INFO [nio-8111-exec-7] - etbrains.buildServer.WEBSOCKET - Failed to read/write WebSocket message for session session '18' ('admin' (John) {id=1}): java.io.EOFException (enable debug to see stacktrace)
[2019-01-28 03:49:51,660]   INFO [io-8111-exec-10] - etbrains.buildServer.WEBSOCKET - Failed to read/write WebSocket message for session session '19' ('admin' (John) {id=1}): java.io.EOFException (enable debug to see stacktrace)
[2019-01-28 03:49:57,443]   INFO [nio-8111-exec-6] - etbrains.buildServer.WEBSOCKET - Failed to read/write WebSocket message for session session '1a' ('admin' (John) {id=1}): java.io.EOFException (enable debug to see stacktrace)
[2019-01-28 03:50:06,737]   INFO [nio-8111-exec-8] - etbrains.buildServer.WEBSOCKET - Failed to read/write WebSocket message for session session '1b' ('admin' (John) {id=1}): java.io.EOFException (enable debug to see stacktrace)
[2019-01-28 03:50:25,816]   INFO [nio-8111-exec-5] - etbrains.buildServer.WEBSOCKET - Failed to read/write WebSocket message for session session '1c' ('admin' (John) {id=1}): java.io.EOFException (enable debug to see stacktrace)
[2019-01-28 03:50:30,162]   INFO [nio-8111-exec-9] - etbrains.buildServer.WEBSOCKET - Failed to read/write WebSocket message for session session '1d' ('admin' (John) {id=1}): java.io.EOFException (enable debug to see stacktrace)
[2019-01-28 03:50:31,044]   INFO [nio-8111-exec-9] - etbrains.buildServer.WEBSOCKET - Failed to read/write WebSocket message for session session '1e' ('admin' (John) {id=1}): java.io.EOFException (enable debug to see stacktrace)
[2019-01-28 03:50:31,976]   INFO [nio-8111-exec-2] - etbrains.buildServer.WEBSOCKET - Failed to read/write WebSocket message for session session '1f' ('admin' (John) {id=1}): java.io.EOFException (enable debug to see stacktrace)
[2019-01-28 03:50:41,304]   INFO [nio-8111-exec-9] - etbrains.buildServer.WEBSOCKET - Failed to read/write WebSocket message for session session '20' ('admin' (John) {id=1}): java.io.EOFException (enable debug to see stacktrace)
[2019-01-28 03:50:49,911]   INFO [nio-8111-exec-8] - etbrains.buildServer.WEBSOCKET - Failed to read/write WebSocket message for session session '21' ('admin' (John) {id=1}): java.io.EOFException (enable debug to see stacktrace)
[2019-01-28 03:50:54,057]   INFO [nio-8111-exec-8] - etbrains.buildServer.WEBSOCKET - Failed to read/write WebSocket message for session session '22' ('admin' (John) {id=1}): java.io.EOFException (enable debug to see stacktrace)
[2019-01-28 03:50:54,531]   INFO [nio-8111-exec-9] - etbrains.buildServer.WEBSOCKET - Failed to read/write WebSocket message for session session '23' ('admin' (John) {id=1}): java.io.EOFException (enable debug to see stacktrace)
[2019-01-28 03:50:55,295]   INFO [nio-8111-exec-1] - etbrains.buildServer.WEBSOCKET - Failed to read/write WebSocket message for session session '24' ('admin' (John) {id=1}): java.io.EOFException (enable debug to see stacktrace)
[2019-01-28 03:50:55,988]   INFO [nio-8111-exec-2] - etbrains.buildServer.WEBSOCKET - Failed to read/write WebSocket message for session session '25' ('admin' (John) {id=1}): java.io.EOFException (enable debug to see stacktrace)
[2019-01-28 03:50:57,921]   INFO [nio-8111-exec-2] - etbrains.buildServer.WEBSOCKET - Failed to read/write WebSocket message for session session '26' ('admin' (John) {id=1}): java.io.EOFException (enable debug to see stacktrace)
[2019-01-28 03:50:59,928]   INFO [nio-8111-exec-5] - etbrains.buildServer.WEBSOCKET - Failed to read/write WebSocket message for session session '27' ('admin' (John) {id=1}): java.io.EOFException (enable debug to see stacktrace)
[2019-01-28 04:29:02,353]   INFO [nio-8111-exec-5] - etbrains.buildServer.WEBSOCKET - Failed to read/write WebSocket message for session session '28' ('admin' (John) {id=1}): java.io.EOFException (enable debug to see stacktrace)
[2019-01-28 04:29:03,227]   INFO [nio-8111-exec-5] - etbrains.buildServer.WEBSOCKET - Failed to read/write WebSocket message for session session '29' ('admin' (John) {id=1}): java.io.EOFException (enable debug to see stacktrace)
[2019-01-28 04:29:04,035]   INFO [nio-8111-exec-7] - etbrains.buildServer.WEBSOCKET - Failed to read/write WebSocket message for session session '2a' ('admin' (John) {id=1}): java.io.EOFException (enable debug to see stacktrace)
[2019-01-28 04:29:04,468]   INFO [nio-8111-exec-6] - etbrains.buildServer.WEBSOCKET - Failed to read/write WebSocket message for session session '2b' ('admin' (John) {id=1}): java.io.EOFException (enable debug to see stacktrace)
[2019-01-28 04:29:06,299]   INFO [nio-8111-exec-1] - etbrains.buildServer.WEBSOCKET - Failed to read/write WebSocket message for session session '2c' ('admin' (John) {id=1}): java.io.EOFException (enable debug to see stacktrace)
