[2019-01-27 08:26:14,171] ================================================================ (start)
[2019-01-27 08:26:16,236] * Configuring JetBrains YouTrack 2018.4 
[2019-01-27 08:26:16,248] * Made default base-url 'http://localhost:8080/' from hostname 'localhost' and listen port '8080' 
[2019-01-27 08:26:16,270] * JetBrains YouTrack 2018.4 runtime environment is successfully configured 
[2019-01-27 08:26:16,492] * Loading logging configuration from /opt/youtrack/lib/ext/log4j.xml 
[2019-01-27 08:26:16,493] * Redirecting JetBrains YouTrack 2018.4 logging to /opt/youtrack/logs/internal/services/bundleProcess 
[2019-01-27 08:26:16,882] * Configuring Service-Container[bundleProcess] 
[2019-01-27 08:26:16,904] * Configuring Bundle Backend Service 
[2019-01-27 08:26:16,915] * Configuring Configuration Wizard 
[2019-01-27 08:26:16,938] * Starting Service-Container[bundleProcess] 
[2019-01-27 08:26:17,323] * Starting Bundle Backend Service 
[2019-01-27 08:26:22,387] * Starting Configuration Wizard 
[2019-01-27 08:26:22,388] * JetBrains YouTrack 2018.4 Configuration Wizard will listen inside container on {0.0.0.0:8080}/ after start and can be accessed by URL [http://<put-your-docker-HOST-name-here>:<put-host-port-mapped-to-container-port-8080-here>/?wizard_token=7P2y6yd6I2ccjUlwpjKN] 
[2019-01-27 08:29:16,128] * Stopping Configuration Wizard 
[2019-01-27 08:29:16,151] * Stopping Bundle Backend Service 
[2019-01-27 08:29:16,163] * Stopping Service-Container[bundleProcess] 
[2019-01-27 08:29:16,757] ================================================================ (finish)
[2019-01-27 08:34:35,719] ================================================================ (start)
[2019-01-27 08:34:37,884] * Configuring JetBrains YouTrack 2018.4 
[2019-01-27 08:34:37,895] * JetBrains YouTrack 2018.4 runtime environment is successfully configured 
[2019-01-27 08:34:38,078] * Loading logging configuration from /opt/youtrack/lib/ext/log4j.xml 
[2019-01-27 08:34:38,079] * Redirecting JetBrains YouTrack 2018.4 logging to /opt/youtrack/logs/internal/services/bundleProcess 
[2019-01-27 08:34:38,501] * Configuring Service-Container[bundleProcess] 
[2019-01-27 08:34:38,502] * Configuring Bundle Backend Service 
[2019-01-27 08:34:38,513] * Configuring Configuration Wizard 
[2019-01-27 08:34:38,546] * Starting Service-Container[bundleProcess] 
[2019-01-27 08:34:38,950] * Starting Bundle Backend Service 
[2019-01-27 08:34:43,613] * Starting Configuration Wizard 
[2019-01-27 08:34:43,615] * JetBrains YouTrack 2018.4 Configuration Wizard will listen inside container on {0.0.0.0:8080}/ after start and can be accessed by URL [http://<put-your-docker-HOST-name-here>:<put-host-port-mapped-to-container-port-8080-here>/?wizard_token=OIwxmWTfbDGJNV3pcMN7] 
[2019-01-27 08:45:36,473] * Stopping Configuration Wizard 
[2019-01-27 08:45:36,495] * Stopping Bundle Backend Service 
[2019-01-27 08:45:36,507] * Stopping Service-Container[bundleProcess] 
[2019-01-27 08:45:37,111] ================================================================ (finish)
[2019-01-27 08:45:48,475] ================================================================ (start)
[2019-01-27 08:45:50,515] * Configuring JetBrains YouTrack 2018.4 
[2019-01-27 08:45:50,526] * JetBrains YouTrack 2018.4 runtime environment is successfully configured 
[2019-01-27 08:45:50,787] * Loading logging configuration from /opt/youtrack/lib/ext/log4j.xml 
[2019-01-27 08:45:50,799] * Redirecting JetBrains YouTrack 2018.4 logging to /opt/youtrack/logs/internal/services/bundleProcess 
[2019-01-27 08:45:51,302] * Configuring Service-Container[bundleProcess] 
[2019-01-27 08:45:51,324] * Configuring Bundle Backend Service 
[2019-01-27 08:45:51,337] * Configuring Configuration Wizard 
[2019-01-27 08:45:51,370] * Starting Service-Container[bundleProcess] 
[2019-01-27 08:45:51,773] * Starting Bundle Backend Service 
[2019-01-27 08:45:56,010] * Starting Configuration Wizard 
[2019-01-27 08:45:56,011] * JetBrains YouTrack 2018.4 Configuration Wizard will listen inside container on {0.0.0.0:8080}/ after start and can be accessed by URL [http://<put-your-docker-HOST-name-here>:<put-host-port-mapped-to-container-port-8080-here>/?wizard_token=69ZlYKQgo6ZSfRyt9PB7] 
[2019-01-27 09:08:41,993] ================================================================ (start)
[2019-01-27 09:08:45,697] * Configuring JetBrains YouTrack 2018.4 
[2019-01-27 09:08:45,719] * JetBrains YouTrack 2018.4 runtime environment is successfully configured 
[2019-01-27 09:08:46,031] * Loading logging configuration from /opt/youtrack/lib/ext/log4j.xml 
[2019-01-27 09:08:46,031] * Redirecting JetBrains YouTrack 2018.4 logging to /opt/youtrack/logs/internal/services/bundleProcess 
[2019-01-27 09:08:46,702] * Configuring Service-Container[bundleProcess] 
[2019-01-27 09:08:46,746] * Configuring Bundle Backend Service 
[2019-01-27 09:08:46,759] * Configuring Configuration Wizard 
[2019-01-27 09:08:46,823] * Starting Service-Container[bundleProcess] 
[2019-01-27 09:08:47,470] * Starting Bundle Backend Service 
[2019-01-27 09:08:54,093] * Stopping Configuration Wizard 
[2019-01-27 09:08:54,093] * Stopping Bundle Backend Service 
[2019-01-27 09:08:55,050] * Error while starting JetBrains YouTrack 2018.4: Service bundleBackend was started successfully, but shut down process has been initiated 
[2019-01-27 09:08:55,105] * Stopping Service-Container[bundleProcess] 
[2019-01-27 09:08:55,237] ================================================================ (finish)
[2019-01-27 09:09:10,457] ================================================================ (start)
[2019-01-27 09:09:13,295] * Configuring JetBrains YouTrack 2018.4 
[2019-01-27 09:09:13,339] * JetBrains YouTrack 2018.4 runtime environment is successfully configured 
[2019-01-27 09:09:13,657] * Loading logging configuration from /opt/youtrack/lib/ext/log4j.xml 
[2019-01-27 09:09:13,658] * Redirecting JetBrains YouTrack 2018.4 logging to /opt/youtrack/logs/internal/services/bundleProcess 
[2019-01-27 09:09:14,245] * Configuring Service-Container[bundleProcess] 
[2019-01-27 09:09:14,256] * Configuring Bundle Backend Service 
[2019-01-27 09:09:14,276] * Configuring Configuration Wizard 
[2019-01-27 09:09:14,351] * Starting Service-Container[bundleProcess] 
[2019-01-27 09:09:15,234] * Starting Bundle Backend Service 
[2019-01-27 09:09:22,081] * Starting Configuration Wizard 
[2019-01-27 09:09:22,082] * JetBrains YouTrack 2018.4 Configuration Wizard will listen inside container on {0.0.0.0:8080}/ after start and can be accessed by URL [http://<put-your-docker-HOST-name-here>:<put-host-port-mapped-to-container-port-8080-here>/?wizard_token=1Y6ncAjAMFjutlL22cR2] 
[2019-01-27 09:10:14,182] * Stopping Configuration Wizard 
[2019-01-27 09:10:14,230] * Stopping Bundle Backend Service 
[2019-01-27 09:10:14,252] * Stopping Service-Container[bundleProcess] 
[2019-01-27 09:10:14,840] ================================================================ (finish)
[2019-01-28 02:29:02,186] ================================================================ (start)
[2019-01-28 02:29:04,802] * Configuring JetBrains YouTrack 2018.4 
[2019-01-28 02:29:04,837] * JetBrains YouTrack 2018.4 runtime environment is successfully configured 
[2019-01-28 02:29:05,149] * Loading logging configuration from /opt/youtrack/lib/ext/log4j.xml 
[2019-01-28 02:29:05,150] * Redirecting JetBrains YouTrack 2018.4 logging to /opt/youtrack/logs/internal/services/bundleProcess 
[2019-01-28 02:29:05,768] * Configuring Service-Container[bundleProcess] 
[2019-01-28 02:29:05,780] * Configuring Bundle Backend Service 
[2019-01-28 02:29:05,781] * Configuring Configuration Wizard 
[2019-01-28 02:29:05,844] * Starting Service-Container[bundleProcess] 
[2019-01-28 02:29:06,637] * Starting Bundle Backend Service 
[2019-01-28 02:29:14,416] * Starting Configuration Wizard 
[2019-01-28 02:29:14,417] * JetBrains YouTrack 2018.4 Configuration Wizard will listen inside container on {0.0.0.0:8080}/ after start and can be accessed by URL [http://<put-your-docker-HOST-name-here>:<put-host-port-mapped-to-container-port-8080-here>/?wizard_token=wx6ThQ2EYF3GCGO0QzM2] 
