* ### System Properties: 
* awt.toolkit=sun.awt.X11.XToolkit
* bundleProcess.logs.dir=/opt/youtrack/logs/internal/services/bundleProcess
* file.encoding=UTF-8
* file.encoding.pkg=sun.io
* file.separator=/
* java.awt.graphicsenv=sun.awt.X11GraphicsEnvironment
* java.awt.headless=true
* java.awt.printerjob=sun.print.PSPrinterJob
* java.class.path=launcher/lib/app-wrapper/youtrack-wrapper.jar
* java.class.version=52.0
* java.endorsed.dirs=/usr/lib/jvm/java-8-openjdk-amd64/jre/lib/endorsed
* java.ext.dirs=/usr/lib/jvm/java-8-openjdk-amd64/jre/lib/ext:/usr/java/packages/lib/ext
* java.home=/usr/lib/jvm/java-8-openjdk-amd64/jre
* java.io.tmpdir=/opt/youtrack/temp/internal/services/bundleProcess
* java.library.path=/usr/java/packages/lib/amd64:/usr/lib/x86_64-linux-gnu/jni:/lib/x86_64-linux-gnu:/usr/lib/x86_64-linux-gnu:/usr/lib/jni:/lib:/usr/lib
* java.runtime.name=OpenJDK Runtime Environment
* java.runtime.version=1.8.0_162-8u162-b12-1~deb9u1-b12
* java.specification.name=Java Platform API Specification
* java.specification.vendor=Oracle Corporation
* java.specification.version=1.8
* java.vendor=Oracle Corporation
* java.vendor.url=http://java.oracle.com/
* java.vendor.url.bug=http://bugreport.sun.com/bugreport/
* java.version=1.8.0_162
* java.vm.info=mixed mode
* java.vm.name=OpenJDK 64-Bit Server VM
* java.vm.specification.name=Java Virtual Machine Specification
* java.vm.specification.vendor=Oracle Corporation
* java.vm.specification.version=1.8
* java.vm.vendor=Oracle Corporation
* java.vm.version=25.162-b12
* jetbrains.http.request.header.buffer.size=102400
* jetbrains.http.response.header.buffer.size=102400
* jetbrains.jetpass.admin.name=default_admin_name
* jetty.git.hash=84205aa28f11a4f31f2a3b86d1bba2cc8ab69827
* jl.home=/opt/youtrack
* jl.service=YouTrack
* launcher.app.conf.dir=/opt/youtrack/conf
* launcher.app.home=/opt/youtrack
* launcher.app.name=YouTrack
* launcher_app_file_name=youtrack
* launcher_console_log_level=INFO
* launcher_log_file_name=youtrack-wrapper.log
* launcher_logs_dir=/opt/youtrack/logs/
* line.separator=

* log4j2.contextSelector=org.apache.logging.log4j.core.selector.BasicContextSelector
* org.eclipse.jetty.server.Request.maxFormContentSize=5000000
* org.eclipse.jetty.server.Request.maxFormKeys=10000
* os.arch=amd64
* os.name=Linux
* os.version=4.9.125-linuxkit
* path.separator=:
* root.bundle.logs.dir=/opt/youtrack/logs
* sun.arch.data.model=64
* sun.boot.class.path=/opt/youtrack/lib/alpn/1.8/alpn-boot-8.1.12.v20180117.jar:/usr/lib/jvm/java-8-openjdk-amd64/jre/lib/resources.jar:/usr/lib/jvm/java-8-openjdk-amd64/jre/lib/rt.jar:/usr/lib/jvm/java-8-openjdk-amd64/jre/lib/sunrsasign.jar:/usr/lib/jvm/java-8-openjdk-amd64/jre/lib/jsse.jar:/usr/lib/jvm/java-8-openjdk-amd64/jre/lib/jce.jar:/usr/lib/jvm/java-8-openjdk-amd64/jre/lib/charsets.jar:/usr/lib/jvm/java-8-openjdk-amd64/jre/lib/jfr.jar:/usr/lib/jvm/java-8-openjdk-amd64/jre/classes
* sun.boot.library.path=/usr/lib/jvm/java-8-openjdk-amd64/jre/lib/amd64
* sun.cpu.endian=little
* sun.cpu.isalist=
* sun.io.unicode.encoding=UnicodeLittle
* sun.java.command=launcher/lib/app-wrapper/youtrack-wrapper.jar AppStarter com.jetbrains.bundle.bootstrap.Bundle
* sun.java.launcher=SUN_STANDARD
* sun.jnu.encoding=UTF-8
* sun.management.compiler=HotSpot 64-Bit Tiered Compilers
* sun.os.patch.level=unknown
* user.dir=/opt/youtrack
* user.home=/home/jetbrains
* user.language=en
* user.name=jetbrains
* user.timezone=Etc/UTC
* ### End of System Properties.
* 
* ### Environment variables: 
* CA_CERTIFICATES_JAVA_VERSION=20170531+nmu1
* FJ_JAVA_EXEC=/docker-java-home/jre/bin/java
* HOME=/home/jetbrains
* HOSTNAME=77240c74fad1
* JAVA_DEBIAN_VERSION=8u162-b12-1~deb9u1
* JAVA_HOME=/docker-java-home
* JAVA_VERSION=8u162
* JL_JAVA_PROPERTIES=-Dlauncher.app.home=/opt/youtrack -Dlauncher.app.conf.dir=/opt/youtrack/conf -Djava.awt.headless=true -Dlauncher.app.name=YouTrack
* JL_LAUNCHER_OPTS=-ea -Xmx5m -XX:+HeapDumpOnOutOfMemoryError -Dfile.encoding=UTF-8 -XX:MaxMetaspaceSize=32m
* LANG=C.UTF-8
* OLDPWD=/opt/youtrack
* PATH=/usr/local/sbin:/usr/local/bin:/usr/sbin:/usr/bin:/sbin:/bin
* PWD=/opt/youtrack
* SHLVL=1
* _=/docker-java-home/jre/bin/java
* ### End of Environment Variables.
* 
* Output of command [[uname, -a]]: Linux 77240c74fad1 4.9.125-linuxkit #1 SMP Fri Sep 7 08:20:28 UTC 2018 x86_64 GNU/Linux
* Can not execute command [[free]]: Error executing command [free]: Cannot run program "free" (in directory "/opt/youtrack"): error=2, No such file or directory
* Output of command [[df]]: Filesystem     1K-blocks     Used Available Use% Mounted on
overlay         61255492 15956720  42157448  28% /
tmpfs              65536        0     65536   0% /dev
tmpfs            1023516        0   1023516   0% /sys/fs/cgroup
/dev/sda1       61255492 15956720  42157448  28% /etc/hosts
shm                65536        0     65536   0% /dev/shm
osxfs          488245288 72024460 402518600  16% /opt/youtrack/logs
tmpfs            1023516        0   1023516   0% /proc/acpi
tmpfs            1023516        0   1023516   0% /sys/firmware
* Output of command [[/bin/sh, -c, ulimit -a]]: time(seconds)        unlimited
file(blocks)         unlimited
data(kbytes)         unlimited
stack(kbytes)        8192
coredump(blocks)     0
memory(kbytes)       unlimited
locked memory(kbytes) 82000
process              unlimited
nofiles              1048576
vmemory(kbytes)      unlimited
locks                unlimited
rtprio               0
* Output of command [[hostname]]: 77240c74fad1
* Output of command [[hostname, -f]]: 77240c74fad1
* Output of command [[id, -a]]: uid=13001(jetbrains) gid=13001(jetbrains) groups=13001(jetbrains)
