[2019-01-27 08:26:16,878]   INFO -                 bundle.startup - Configuring Service-Container[bundleProcess] 
[2019-01-27 08:26:16,894]   INFO -                 bundle.startup - Configuring Bundle Backend Service 
[2019-01-27 08:26:16,906]   INFO -                 bundle.startup - Configuring Configuration Wizard 
[2019-01-27 08:26:16,937]   INFO -                 bundle.startup - Starting Service-Container[bundleProcess] 
[2019-01-27 08:26:16,980]   INFO -     org.eclipse.jetty.util.log - Logging initialized @2805ms 
[2019-01-27 08:26:17,167]   INFO - rg.eclipse.jetty.server.Server - jetty-9.3.24.v20180605, build timestamp: 2018-06-05T17:11:56Z, git hash: 84205aa28f11a4f31f2a3b86d1bba2cc8ab69827 
[2019-01-27 08:26:17,268]   INFO - .server.handler.ContextHandler - Started o.e.j.s.ServletContextHandler@719e47c{/bundle/starting,null,AVAILABLE} 
[2019-01-27 08:26:17,271]   INFO - .server.handler.ContextHandler - Started c.j.b.p.j.@363c5178{/,file:///opt/youtrack/internal/error_pages/,AVAILABLE} 
[2019-01-27 08:26:17,311]   INFO - jetty.server.AbstractConnector - Started ServerConnector@314e81c0{HTTP/1.1,[http/1.1]}{0.0.0.0:8080} 
[2019-01-27 08:26:17,312]   INFO - rg.eclipse.jetty.server.Server - Started @3139ms 
[2019-01-27 08:26:17,321]   INFO -                 bundle.startup - Starting Bundle Backend Service 
[2019-01-27 08:26:18,019]   INFO - ations.AnnotationConfiguration - Scanning elapsed time=460ms 
[2019-01-27 08:26:18,151]   INFO -                /bundle/backend - 1 Spring WebApplicationInitializers detected on classpath 
[2019-01-27 08:26:18,797]   INFO -                /bundle/backend - Initializing Spring DispatcherServlet 'BundleBackendServletDispatcher' 
[2019-01-27 08:26:18,798]   INFO - .web.servlet.DispatcherServlet - Initializing Servlet 'BundleBackendServletDispatcher' 
[2019-01-27 08:26:22,366]   INFO - .web.servlet.DispatcherServlet - Completed initialization in 3567 ms 
[2019-01-27 08:26:22,367]   INFO - .server.handler.ContextHandler - Started o.e.j.w.WebAppContext@42dcc939{/bundle/backend,file:///opt/youtrack/internal/bundle_common/,AVAILABLE} 
[2019-01-27 08:26:22,376]   INFO -                 bundle.startup - Starting Configuration Wizard 
[2019-01-27 08:26:22,377]   INFO -                 bundle.startup - JetBrains YouTrack 2018.4 Configuration Wizard will listen inside container on {0.0.0.0:8080}/ after start and can be accessed by URL [http://<put-your-docker-HOST-name-here>:<put-host-port-mapped-to-container-port-8080-here>/?wizard_token=7P2y6yd6I2ccjUlwpjKN] 
[2019-01-27 08:26:24,027]   INFO - ations.AnnotationConfiguration - Scanning elapsed time=1458ms 
[2019-01-27 08:26:24,094]   INFO -                              / - 1 Spring WebApplicationInitializers detected on classpath 
[2019-01-27 08:26:24,158]   INFO -                              / - Initializing Spring DispatcherServlet 'InstallerServletDispatcher' 
[2019-01-27 08:26:24,160]   INFO - .web.servlet.DispatcherServlet - Initializing Servlet 'InstallerServletDispatcher' 
[2019-01-27 08:26:27,146]   INFO - .web.servlet.DispatcherServlet - Completed initialization in 2985 ms 
[2019-01-27 08:26:27,148]   INFO - .server.handler.ContextHandler - Started o.e.j.w.WebAppContext@19b1e77a{/,file:///opt/youtrack/internal/wizard_web/,AVAILABLE} 
[2019-01-27 08:29:16,124]   INFO -                 bundle.startup - Stopping Configuration Wizard 
[2019-01-27 08:29:16,131]   INFO -                              / - Destroying Spring FrameworkServlet 'InstallerServletDispatcher' 
[2019-01-27 08:29:16,142]   INFO - .server.handler.ContextHandler - Stopped o.e.j.w.WebAppContext@19b1e77a{/,file:///opt/youtrack/internal/wizard_web/,UNAVAILABLE} 
[2019-01-27 08:29:16,145]   INFO -                 bundle.startup - Stopping Bundle Backend Service 
[2019-01-27 08:29:16,146]   INFO -                /bundle/backend - Destroying Spring FrameworkServlet 'BundleBackendServletDispatcher' 
[2019-01-27 08:29:16,154]   INFO - .server.handler.ContextHandler - Stopped o.e.j.w.WebAppContext@42dcc939{/bundle/backend,file:///opt/youtrack/internal/bundle_common/,UNAVAILABLE} 
[2019-01-27 08:29:16,156]   INFO -                 bundle.startup - Stopping Service-Container[bundleProcess] 
[2019-01-27 08:29:16,164]   INFO - bundle.proxy.jetty.BundleProxy - Stopping Service-Container[bundleProcess] 
[2019-01-27 08:29:16,171]   INFO - jetty.server.AbstractConnector - Stopped ServerConnector@314e81c0{HTTP/1.1,[http/1.1]}{0.0.0.0:8080} 
[2019-01-27 08:29:16,173]   INFO - .server.handler.ContextHandler - Stopped c.j.b.p.j.@363c5178{/,file:///opt/youtrack/internal/error_pages/,UNAVAILABLE} 
[2019-01-27 08:29:16,175]   INFO - .server.handler.ContextHandler - Stopped o.e.j.s.ServletContextHandler@719e47c{/bundle/starting,null,UNAVAILABLE} 
[2019-01-27 08:29:16,178]   WARN - y.util.thread.QueuedThreadPool - qtp1669016740{STOPPING,8<=8<=200,i=0,q=4} Couldn't stop Thread[qtp1669016740-28,5,] 
[2019-01-27 08:34:38,490]   INFO -                 bundle.startup - Configuring Service-Container[bundleProcess] 
[2019-01-27 08:34:38,500]   INFO -                 bundle.startup - Configuring Bundle Backend Service 
[2019-01-27 08:34:38,508]   INFO -                 bundle.startup - Configuring Configuration Wizard 
[2019-01-27 08:34:38,539]   INFO -                 bundle.startup - Starting Service-Container[bundleProcess] 
[2019-01-27 08:34:38,585]   INFO -     org.eclipse.jetty.util.log - Logging initialized @2852ms 
[2019-01-27 08:34:38,755]   INFO - rg.eclipse.jetty.server.Server - jetty-9.3.24.v20180605, build timestamp: 2018-06-05T17:11:56Z, git hash: 84205aa28f11a4f31f2a3b86d1bba2cc8ab69827 
[2019-01-27 08:34:38,864]   INFO - .server.handler.ContextHandler - Started o.e.j.s.ServletContextHandler@46df48cc{/bundle/starting,null,AVAILABLE} 
[2019-01-27 08:34:38,867]   INFO - .server.handler.ContextHandler - Started c.j.b.p.j.@5cbf7b40{/,file:///opt/youtrack/internal/error_pages/,AVAILABLE} 
[2019-01-27 08:34:38,925]   INFO - jetty.server.AbstractConnector - Started ServerConnector@6ce607e2{HTTP/1.1,[http/1.1]}{0.0.0.0:8080} 
[2019-01-27 08:34:38,926]   INFO - rg.eclipse.jetty.server.Server - Started @3195ms 
[2019-01-27 08:34:38,945]   INFO -                 bundle.startup - Starting Bundle Backend Service 
[2019-01-27 08:34:39,690]   INFO - ations.AnnotationConfiguration - Scanning elapsed time=493ms 
[2019-01-27 08:34:39,876]   INFO -                /bundle/backend - 1 Spring WebApplicationInitializers detected on classpath 
[2019-01-27 08:34:40,276]   INFO -                /bundle/backend - Initializing Spring DispatcherServlet 'BundleBackendServletDispatcher' 
[2019-01-27 08:34:40,277]   INFO - .web.servlet.DispatcherServlet - Initializing Servlet 'BundleBackendServletDispatcher' 
[2019-01-27 08:34:43,590]   INFO - .web.servlet.DispatcherServlet - Completed initialization in 3312 ms 
[2019-01-27 08:34:43,591]   INFO - .server.handler.ContextHandler - Started o.e.j.w.WebAppContext@1e3bfb7d{/bundle/backend,file:///opt/youtrack/internal/bundle_common/,AVAILABLE} 
[2019-01-27 08:34:43,604]   INFO -                 bundle.startup - Starting Configuration Wizard 
[2019-01-27 08:34:43,607]   INFO -                 bundle.startup - JetBrains YouTrack 2018.4 Configuration Wizard will listen inside container on {0.0.0.0:8080}/ after start and can be accessed by URL [http://<put-your-docker-HOST-name-here>:<put-host-port-mapped-to-container-port-8080-here>/?wizard_token=OIwxmWTfbDGJNV3pcMN7] 
[2019-01-27 08:34:45,288]   INFO - ations.AnnotationConfiguration - Scanning elapsed time=1545ms 
[2019-01-27 08:34:45,358]   INFO -                              / - 1 Spring WebApplicationInitializers detected on classpath 
[2019-01-27 08:34:45,405]   INFO -                              / - Initializing Spring DispatcherServlet 'InstallerServletDispatcher' 
[2019-01-27 08:34:45,406]   INFO - .web.servlet.DispatcherServlet - Initializing Servlet 'InstallerServletDispatcher' 
[2019-01-27 08:34:47,960]   INFO - .web.servlet.DispatcherServlet - Completed initialization in 2553 ms 
[2019-01-27 08:34:47,962]   INFO - .server.handler.ContextHandler - Started o.e.j.w.WebAppContext@4505eeec{/,file:///opt/youtrack/internal/wizard_web/,AVAILABLE} 
[2019-01-27 08:45:36,463]   INFO -                 bundle.startup - Stopping Configuration Wizard 
[2019-01-27 08:45:36,469]   INFO -                              / - Destroying Spring FrameworkServlet 'InstallerServletDispatcher' 
[2019-01-27 08:45:36,487]   INFO - .server.handler.ContextHandler - Stopped o.e.j.w.WebAppContext@4505eeec{/,file:///opt/youtrack/internal/wizard_web/,UNAVAILABLE} 
[2019-01-27 08:45:36,489]   INFO -                 bundle.startup - Stopping Bundle Backend Service 
[2019-01-27 08:45:36,491]   INFO -                /bundle/backend - Destroying Spring FrameworkServlet 'BundleBackendServletDispatcher' 
[2019-01-27 08:45:36,497]   INFO - .server.handler.ContextHandler - Stopped o.e.j.w.WebAppContext@1e3bfb7d{/bundle/backend,file:///opt/youtrack/internal/bundle_common/,UNAVAILABLE} 
[2019-01-27 08:45:36,499]   INFO -                 bundle.startup - Stopping Service-Container[bundleProcess] 
[2019-01-27 08:45:36,506]   INFO - bundle.proxy.jetty.BundleProxy - Stopping Service-Container[bundleProcess] 
[2019-01-27 08:45:36,514]   INFO - jetty.server.AbstractConnector - Stopped ServerConnector@6ce607e2{HTTP/1.1,[http/1.1]}{0.0.0.0:8080} 
[2019-01-27 08:45:36,516]   INFO - .server.handler.ContextHandler - Stopped c.j.b.p.j.@5cbf7b40{/,file:///opt/youtrack/internal/error_pages/,UNAVAILABLE} 
[2019-01-27 08:45:36,517]   INFO - .server.handler.ContextHandler - Stopped o.e.j.s.ServletContextHandler@46df48cc{/bundle/starting,null,UNAVAILABLE} 
[2019-01-27 08:45:36,520]   WARN - y.util.thread.QueuedThreadPool - qtp433391221{STOPPING,8<=8<=200,i=5,q=4} Couldn't stop Thread[qtp433391221-23,5,main] 
[2019-01-27 08:45:36,524]   WARN - y.util.thread.QueuedThreadPool - qtp433391221{STOPPING,8<=8<=200,i=0,q=3} Couldn't stop Thread[qtp433391221-17,5,] 
[2019-01-27 08:45:51,297]   INFO -                 bundle.startup - Configuring Service-Container[bundleProcess] 
[2019-01-27 08:45:51,315]   INFO -                 bundle.startup - Configuring Bundle Backend Service 
[2019-01-27 08:45:51,328]   INFO -                 bundle.startup - Configuring Configuration Wizard 
[2019-01-27 08:45:51,364]   INFO -                 bundle.startup - Starting Service-Container[bundleProcess] 
[2019-01-27 08:45:51,415]   INFO -     org.eclipse.jetty.util.log - Logging initialized @2940ms 
[2019-01-27 08:45:51,585]   INFO - rg.eclipse.jetty.server.Server - jetty-9.3.24.v20180605, build timestamp: 2018-06-05T17:11:56Z, git hash: 84205aa28f11a4f31f2a3b86d1bba2cc8ab69827 
[2019-01-27 08:45:51,705]   INFO - .server.handler.ContextHandler - Started o.e.j.s.ServletContextHandler@29b0aaf2{/bundle/starting,null,AVAILABLE} 
[2019-01-27 08:45:51,710]   INFO - .server.handler.ContextHandler - Started c.j.b.p.j.@427c7a0f{/,file:///opt/youtrack/internal/error_pages/,AVAILABLE} 
[2019-01-27 08:45:51,760]   INFO - jetty.server.AbstractConnector - Started ServerConnector@663139d7{HTTP/1.1,[http/1.1]}{0.0.0.0:8080} 
[2019-01-27 08:45:51,761]   INFO - rg.eclipse.jetty.server.Server - Started @3289ms 
[2019-01-27 08:45:51,770]   INFO -                 bundle.startup - Starting Bundle Backend Service 
[2019-01-27 08:45:52,385]   INFO - ations.AnnotationConfiguration - Scanning elapsed time=382ms 
[2019-01-27 08:45:52,488]   INFO -                /bundle/backend - 1 Spring WebApplicationInitializers detected on classpath 
[2019-01-27 08:45:53,078]   INFO -                /bundle/backend - Initializing Spring DispatcherServlet 'BundleBackendServletDispatcher' 
[2019-01-27 08:45:53,080]   INFO - .web.servlet.DispatcherServlet - Initializing Servlet 'BundleBackendServletDispatcher' 
[2019-01-27 08:45:55,926]   INFO - .web.servlet.DispatcherServlet - Completed initialization in 2846 ms 
[2019-01-27 08:45:55,927]   INFO - .server.handler.ContextHandler - Started o.e.j.w.WebAppContext@40bb23b7{/bundle/backend,file:///opt/youtrack/internal/bundle_common/,AVAILABLE} 
[2019-01-27 08:45:56,008]   INFO -                 bundle.startup - Starting Configuration Wizard 
[2019-01-27 08:45:56,009]   INFO -                 bundle.startup - JetBrains YouTrack 2018.4 Configuration Wizard will listen inside container on {0.0.0.0:8080}/ after start and can be accessed by URL [http://<put-your-docker-HOST-name-here>:<put-host-port-mapped-to-container-port-8080-here>/?wizard_token=69ZlYKQgo6ZSfRyt9PB7] 
[2019-01-27 08:45:57,735]   INFO - ations.AnnotationConfiguration - Scanning elapsed time=1572ms 
[2019-01-27 08:45:57,897]   INFO -                              / - 1 Spring WebApplicationInitializers detected on classpath 
[2019-01-27 08:45:58,003]   INFO -                              / - Initializing Spring DispatcherServlet 'InstallerServletDispatcher' 
[2019-01-27 08:45:58,007]   INFO - .web.servlet.DispatcherServlet - Initializing Servlet 'InstallerServletDispatcher' 
[2019-01-27 08:46:01,807]   INFO - .web.servlet.DispatcherServlet - Completed initialization in 3798 ms 
[2019-01-27 08:46:01,809]   INFO - .server.handler.ContextHandler - Started o.e.j.w.WebAppContext@358c5e34{/,file:///opt/youtrack/internal/wizard_web/,AVAILABLE} 
[2019-01-27 09:08:46,699]   INFO -                 bundle.startup - Configuring Service-Container[bundleProcess] 
[2019-01-27 09:08:46,740]   INFO -                 bundle.startup - Configuring Bundle Backend Service 
[2019-01-27 09:08:46,752]   INFO -                 bundle.startup - Configuring Configuration Wizard 
[2019-01-27 09:08:46,813]   INFO -                 bundle.startup - Starting Service-Container[bundleProcess] 
[2019-01-27 09:08:46,892]   INFO -     org.eclipse.jetty.util.log - Logging initialized @4901ms 
[2019-01-27 09:08:47,147]   INFO - rg.eclipse.jetty.server.Server - jetty-9.3.24.v20180605, build timestamp: 2018-06-05T17:11:56Z, git hash: 84205aa28f11a4f31f2a3b86d1bba2cc8ab69827 
[2019-01-27 09:08:47,345]   INFO - .server.handler.ContextHandler - Started o.e.j.s.ServletContextHandler@29b0aaf2{/bundle/starting,null,AVAILABLE} 
[2019-01-27 09:08:47,353]   INFO - .server.handler.ContextHandler - Started c.j.b.p.j.@427c7a0f{/,file:///opt/youtrack/internal/error_pages/,AVAILABLE} 
[2019-01-27 09:08:47,460]   INFO - jetty.server.AbstractConnector - Started ServerConnector@5feeaa23{HTTP/1.1,[http/1.1]}{0.0.0.0:8080} 
[2019-01-27 09:08:47,461]   INFO - rg.eclipse.jetty.server.Server - Started @5472ms 
[2019-01-27 09:08:47,469]   INFO -                 bundle.startup - Starting Bundle Backend Service 
[2019-01-27 09:08:49,219]   INFO - ations.AnnotationConfiguration - Scanning elapsed time=1056ms 
[2019-01-27 09:08:49,560]   INFO -                /bundle/backend - 1 Spring WebApplicationInitializers detected on classpath 
[2019-01-27 09:08:50,393]   INFO -                /bundle/backend - Initializing Spring DispatcherServlet 'BundleBackendServletDispatcher' 
[2019-01-27 09:08:50,418]   INFO - .web.servlet.DispatcherServlet - Initializing Servlet 'BundleBackendServletDispatcher' 
[2019-01-27 09:08:54,085]   INFO -                 bundle.startup - Stopping Configuration Wizard 
[2019-01-27 09:08:54,089]   INFO -                 bundle.startup - Stopping Bundle Backend Service 
[2019-01-27 09:08:55,028]   INFO - .web.servlet.DispatcherServlet - Completed initialization in 4609 ms 
[2019-01-27 09:08:55,029]   INFO - .server.handler.ContextHandler - Started o.e.j.w.WebAppContext@5de7d7a9{/bundle/backend,file:///opt/youtrack/internal/bundle_common/,AVAILABLE} 
[2019-01-27 09:08:55,039]  ERROR -                 bundle.startup - Error while starting JetBrains YouTrack 2018.4: Service bundleBackend was started successfully, but shut down process has been initiated 
[2019-01-27 09:08:55,082]   INFO -                /bundle/backend - Destroying Spring FrameworkServlet 'BundleBackendServletDispatcher' 
[2019-01-27 09:08:55,095]   INFO - .server.handler.ContextHandler - Stopped o.e.j.w.WebAppContext@5de7d7a9{/bundle/backend,file:///opt/youtrack/internal/bundle_common/,UNAVAILABLE} 
[2019-01-27 09:08:55,097]   INFO -                 bundle.startup - Stopping Service-Container[bundleProcess] 
[2019-01-27 09:08:55,104]   INFO - bundle.proxy.jetty.BundleProxy - Stopping Service-Container[bundleProcess] 
[2019-01-27 09:08:55,112]   INFO - jetty.server.AbstractConnector - Stopped ServerConnector@5feeaa23{HTTP/1.1,[http/1.1]}{0.0.0.0:8080} 
[2019-01-27 09:08:55,113]   INFO - .server.handler.ContextHandler - Stopped c.j.b.p.j.@427c7a0f{/,file:///opt/youtrack/internal/error_pages/,UNAVAILABLE} 
[2019-01-27 09:08:55,115]   INFO - .server.handler.ContextHandler - Stopped o.e.j.s.ServletContextHandler@29b0aaf2{/bundle/starting,null,UNAVAILABLE} 
[2019-01-27 09:09:14,239]   INFO -                 bundle.startup - Configuring Service-Container[bundleProcess] 
[2019-01-27 09:09:14,253]   INFO -                 bundle.startup - Configuring Bundle Backend Service 
[2019-01-27 09:09:14,266]   INFO -                 bundle.startup - Configuring Configuration Wizard 
[2019-01-27 09:09:14,340]   INFO -                 bundle.startup - Starting Service-Container[bundleProcess] 
[2019-01-27 09:09:14,414]   INFO -     org.eclipse.jetty.util.log - Logging initialized @3975ms 
[2019-01-27 09:09:14,801]   INFO - rg.eclipse.jetty.server.Server - jetty-9.3.24.v20180605, build timestamp: 2018-06-05T17:11:56Z, git hash: 84205aa28f11a4f31f2a3b86d1bba2cc8ab69827 
[2019-01-27 09:09:15,122]   INFO - .server.handler.ContextHandler - Started o.e.j.s.ServletContextHandler@459e9146{/bundle/starting,null,AVAILABLE} 
[2019-01-27 09:09:15,140]   INFO - .server.handler.ContextHandler - Started c.j.b.p.j.@581b5f9c{/,file:///opt/youtrack/internal/error_pages/,AVAILABLE} 
[2019-01-27 09:09:15,213]   INFO - jetty.server.AbstractConnector - Started ServerConnector@6ce607e2{HTTP/1.1,[http/1.1]}{0.0.0.0:8080} 
[2019-01-27 09:09:15,214]   INFO - rg.eclipse.jetty.server.Server - Started @4778ms 
[2019-01-27 09:09:15,224]   INFO -                 bundle.startup - Starting Bundle Backend Service 
[2019-01-27 09:09:16,874]   INFO - ations.AnnotationConfiguration - Scanning elapsed time=1191ms 
[2019-01-27 09:09:17,151]   INFO -                /bundle/backend - 1 Spring WebApplicationInitializers detected on classpath 
[2019-01-27 09:09:18,218]   INFO -                /bundle/backend - Initializing Spring DispatcherServlet 'BundleBackendServletDispatcher' 
[2019-01-27 09:09:18,227]   INFO - .web.servlet.DispatcherServlet - Initializing Servlet 'BundleBackendServletDispatcher' 
[2019-01-27 09:09:22,062]   INFO - .web.servlet.DispatcherServlet - Completed initialization in 3835 ms 
[2019-01-27 09:09:22,063]   INFO - .server.handler.ContextHandler - Started o.e.j.w.WebAppContext@1ae7adfc{/bundle/backend,file:///opt/youtrack/internal/bundle_common/,AVAILABLE} 
[2019-01-27 09:09:22,073]   INFO -                 bundle.startup - Starting Configuration Wizard 
[2019-01-27 09:09:22,076]   INFO -                 bundle.startup - JetBrains YouTrack 2018.4 Configuration Wizard will listen inside container on {0.0.0.0:8080}/ after start and can be accessed by URL [http://<put-your-docker-HOST-name-here>:<put-host-port-mapped-to-container-port-8080-here>/?wizard_token=1Y6ncAjAMFjutlL22cR2] 
[2019-01-27 09:09:23,758]   INFO - ations.AnnotationConfiguration - Scanning elapsed time=1499ms 
[2019-01-27 09:09:23,850]   INFO -                              / - 1 Spring WebApplicationInitializers detected on classpath 
[2019-01-27 09:09:23,898]   INFO -                              / - Initializing Spring DispatcherServlet 'InstallerServletDispatcher' 
[2019-01-27 09:09:23,899]   INFO - .web.servlet.DispatcherServlet - Initializing Servlet 'InstallerServletDispatcher' 
[2019-01-27 09:09:26,586]   INFO - .web.servlet.DispatcherServlet - Completed initialization in 2686 ms 
[2019-01-27 09:09:26,587]   INFO - .server.handler.ContextHandler - Started o.e.j.w.WebAppContext@1f1215a6{/,file:///opt/youtrack/internal/wizard_web/,AVAILABLE} 
[2019-01-27 09:10:14,177]   INFO -                 bundle.startup - Stopping Configuration Wizard 
[2019-01-27 09:10:14,191]   INFO -                              / - Destroying Spring FrameworkServlet 'InstallerServletDispatcher' 
[2019-01-27 09:10:14,226]   INFO - .server.handler.ContextHandler - Stopped o.e.j.w.WebAppContext@1f1215a6{/,file:///opt/youtrack/internal/wizard_web/,UNAVAILABLE} 
[2019-01-27 09:10:14,229]   INFO -                 bundle.startup - Stopping Bundle Backend Service 
[2019-01-27 09:10:14,235]   INFO -                /bundle/backend - Destroying Spring FrameworkServlet 'BundleBackendServletDispatcher' 
[2019-01-27 09:10:14,243]   INFO - .server.handler.ContextHandler - Stopped o.e.j.w.WebAppContext@1ae7adfc{/bundle/backend,file:///opt/youtrack/internal/bundle_common/,UNAVAILABLE} 
[2019-01-27 09:10:14,244]   INFO -                 bundle.startup - Stopping Service-Container[bundleProcess] 
[2019-01-27 09:10:14,250]   INFO - bundle.proxy.jetty.BundleProxy - Stopping Service-Container[bundleProcess] 
[2019-01-27 09:10:14,258]   INFO - jetty.server.AbstractConnector - Stopped ServerConnector@6ce607e2{HTTP/1.1,[http/1.1]}{0.0.0.0:8080} 
[2019-01-27 09:10:14,259]   INFO - .server.handler.ContextHandler - Stopped c.j.b.p.j.@581b5f9c{/,file:///opt/youtrack/internal/error_pages/,UNAVAILABLE} 
[2019-01-27 09:10:14,260]   INFO - .server.handler.ContextHandler - Stopped o.e.j.s.ServletContextHandler@459e9146{/bundle/starting,null,UNAVAILABLE} 
[2019-01-27 09:10:14,264]   WARN - y.util.thread.QueuedThreadPool - qtp1749915063{STOPPING,8<=8<=200,i=2,q=4} Couldn't stop Thread[qtp1749915063-17,5,] 
[2019-01-27 09:10:14,268]   WARN - y.util.thread.QueuedThreadPool - qtp1749915063{STOPPING,8<=8<=200,i=0,q=2} Couldn't stop Thread[qtp1749915063-16,5,] 
[2019-01-28 02:29:05,759]   INFO -                 bundle.startup - Configuring Service-Container[bundleProcess] 
[2019-01-28 02:29:05,770]   INFO -                 bundle.startup - Configuring Bundle Backend Service 
[2019-01-28 02:29:05,777]   INFO -                 bundle.startup - Configuring Configuration Wizard 
[2019-01-28 02:29:05,840]   INFO -                 bundle.startup - Starting Service-Container[bundleProcess] 
[2019-01-28 02:29:05,950]   INFO -     org.eclipse.jetty.util.log - Logging initialized @3766ms 
[2019-01-28 02:29:06,258]   INFO - rg.eclipse.jetty.server.Server - jetty-9.3.24.v20180605, build timestamp: 2018-06-05T17:11:56Z, git hash: 84205aa28f11a4f31f2a3b86d1bba2cc8ab69827 
[2019-01-28 02:29:06,505]   INFO - .server.handler.ContextHandler - Started o.e.j.s.ServletContextHandler@240cc3a{/bundle/starting,null,AVAILABLE} 
[2019-01-28 02:29:06,519]   INFO - .server.handler.ContextHandler - Started c.j.b.p.j.@764214e6{/,file:///opt/youtrack/internal/error_pages/,AVAILABLE} 
[2019-01-28 02:29:06,582]   INFO - jetty.server.AbstractConnector - Started ServerConnector@58354f08{HTTP/1.1,[http/1.1]}{0.0.0.0:8080} 
[2019-01-28 02:29:06,596]   INFO - rg.eclipse.jetty.server.Server - Started @4428ms 
[2019-01-28 02:29:06,630]   INFO -                 bundle.startup - Starting Bundle Backend Service 
[2019-01-28 02:29:08,115]   INFO - ations.AnnotationConfiguration - Scanning elapsed time=995ms 
[2019-01-28 02:29:08,318]   INFO -                /bundle/backend - 1 Spring WebApplicationInitializers detected on classpath 
[2019-01-28 02:29:09,348]   INFO -                /bundle/backend - Initializing Spring DispatcherServlet 'BundleBackendServletDispatcher' 
[2019-01-28 02:29:09,366]   INFO - .web.servlet.DispatcherServlet - Initializing Servlet 'BundleBackendServletDispatcher' 
[2019-01-28 02:29:14,394]   INFO - .web.servlet.DispatcherServlet - Completed initialization in 5025 ms 
[2019-01-28 02:29:14,397]   INFO - .server.handler.ContextHandler - Started o.e.j.w.WebAppContext@50b39aa3{/bundle/backend,file:///opt/youtrack/internal/bundle_common/,AVAILABLE} 
[2019-01-28 02:29:14,412]   INFO -                 bundle.startup - Starting Configuration Wizard 
[2019-01-28 02:29:14,414]   INFO -                 bundle.startup - JetBrains YouTrack 2018.4 Configuration Wizard will listen inside container on {0.0.0.0:8080}/ after start and can be accessed by URL [http://<put-your-docker-HOST-name-here>:<put-host-port-mapped-to-container-port-8080-here>/?wizard_token=wx6ThQ2EYF3GCGO0QzM2] 
[2019-01-28 02:29:16,228]   INFO - ations.AnnotationConfiguration - Scanning elapsed time=1623ms 
[2019-01-28 02:29:16,306]   INFO -                              / - 1 Spring WebApplicationInitializers detected on classpath 
[2019-01-28 02:29:16,348]   INFO -                              / - Initializing Spring DispatcherServlet 'InstallerServletDispatcher' 
[2019-01-28 02:29:16,349]   INFO - .web.servlet.DispatcherServlet - Initializing Servlet 'InstallerServletDispatcher' 
[2019-01-28 02:29:18,842]   INFO - .web.servlet.DispatcherServlet - Completed initialization in 2492 ms 
[2019-01-28 02:29:18,843]   INFO - .server.handler.ContextHandler - Started o.e.j.w.WebAppContext@76db6840{/,file:///opt/youtrack/internal/wizard_web/,AVAILABLE} 
